<?xml version="1.0" encoding="UTF-8"?>
<testng-results ignored="0" total="1" passed="1" failed="0" skipped="0">
  <reporter-output>
  </reporter-output>
  <suite started-at="2023-07-04T15:04:36 WIB" name="Default suite" finished-at="2023-07-04T15:04:45 WIB" duration-ms="9224">
    <groups>
    </groups>
    <test started-at="2023-07-04T15:04:36 WIB" name="Default test" finished-at="2023-07-04T15:04:45 WIB" duration-ms="9224">
      <class name="API.test.finansys.API_test">
        <test-method signature="test_1()[pri:0, instance:API.test.finansys.API_test@302552ec]" started-at="2023-07-04T15:04:36 WIB" name="test_1" finished-at="2023-07-04T15:04:45 WIB" duration-ms="9156" status="PASS">
          <reporter-output>
          </reporter-output>
        </test-method> <!-- test_1 -->
      </class> <!-- API.test.finansys.API_test -->
    </test> <!-- Default test -->
  </suite> <!-- Default suite -->
</testng-results>
